This is pdfTeX, Version 3.14159265-2.6-1.40.17 (TeX Live 2016) (preloaded format=pdflatex 2016.7.4)  11 OCT 2018 14:10
entering extended mode
 restricted \write18 enabled.
 %&-line parsing enabled.
**update_10_10_2018.tex
(./update_10_10_2018.tex
LaTeX2e <2016/03/31>
Babel <3.9r> and hyphenation patterns for 83 language(s) loaded.
(/usr/local/texlive/2016/texmf-dist/tex/latex/revtex/revtex4-1.cls
Document Class: revtex4-1 2010/07/25/20:33:00 4.1r (http://publish.aps.org/revt
ex4/ for documentation)
 Copyright (c) 2009 The American Physical Society.
 mailto:revtex@aps.org
 Licensed under the LPPL:
http://www.ctan.org/tex-archive/macros/latex/base/lppl.txt
 Arthur Ogawa <arthur_ogawa at sbcglobal dot net>
 Based on work by David Carlisle <david at dcarlisle.demon.co.uk>.
ltxutil[2010/07/25/20:33:00 4.1r utilities package (portions licensed from W. E
. Baxter web at superscript.com)]
LaTeX Info: Redefining \@centercr on input line 308.
Class revtex4-1 Info: Repairing broken LaTeX eqnarray on input line 358.
\eqncolsep=\skip41
Class revtex4-1 Info: Repairing hyperref-unfriendly LaTeX definition of \mpfoot
note on input line 433.
Class revtex4-1 Info: Repairing broken LateX \@sect on input line 755.
\intertabularlinepenalty=\count79
\@tbpen=\count80
\@arstrutbox@hline=\box26
Class revtex4-1 Info: Repairing broken LaTeX \@xbitor on input line 1786.
Class revtex4-1 Info: Making \typeout \long on input line 2046.
ltxfront[2010/07/25/20:33:00 4.1r frontmatter package (AO,DPC)]
\c@affil=\count81
\c@collab=\count82
\absbox=\box27
ltxgrid[2010/07/25/20:33:00 4.1r page grid package (portions licensed from W. E
. Baxter web at superscript.com)]
\c@linecount=\count83
\output@latex=\toks14
\box@size@1=\box28
\box@size@2=\box29
\@protection@box=\box30
\@topmark@saved=\toks15
\footins@saved=\box31
\footins@recovered=\box32
\column@recovered=\box33
\pagesofar=\box34
\footsofar=\box35
\pagegrid@col=\count84
Class revtex4-1 Info: Overriding \@vspace, \@vspacer, \@no@pgbk, \@newline, and
 \\  on input line 5578.
\c@part=\count85
\c@section=\count86
\c@subsection=\count87
\c@subsubsection=\count88
\c@paragraph=\count89
\c@subparagraph=\count90
\abovecaptionskip=\skip42
\belowcaptionskip=\skip43
\c@figure=\count91
\fbox@1=\box36
\c@table=\count92
\fbox@2=\box37
\c@video=\count93
\fbox@4=\box38
\@bibdataout=\write3
\widetext@top=\box39
\widetext@bot=\box40

Class revtex4-1 Warning: No Society specified, using default society aps.

(/usr/local/texlive/2016/texmf-dist/tex/latex/revtex/aps4-1.rtx
File: aps4-1 2010/07/25/20:33:00 4.1r (http://publish.aps.org/revtex4/ for docu
mentation)
Class revtex4-1 Info: RevTeX society APS selected on input line 31.
)

Class revtex4-1 Warning: No journal specified, using default pra.

Class revtex4-1 Info: APS journal PRA selected on input line 7545.

Class revtex4-1 Warning: No type size specified, using default 10.

(/usr/local/texlive/2016/texmf-dist/tex/latex/revtex/aps10pt4-1.rtx
File: aps10pt4-1 2010/07/25/20:33:00 4.1r (http://publish.aps.org/revtex4/ for 
documentation)
Class revtex4-1 Info: RevTeX pointsize 10pt selected on input line 30.
)
(/usr/local/texlive/2016/texmf-dist/tex/latex/textcase/textcase.sty
Package: textcase 2004/10/07 v0.07 Text only upper/lower case changing (DPC)
)
(/usr/local/texlive/2016/texmf-dist/tex/latex/url/url.sty
\Urlmuskip=\muskip10
Package: url 2013/09/16  ver 3.4  Verb mode for urls, etc.
)
(/usr/local/texlive/2016/texmf-dist/tex/latex/natbib/natbib.sty
Package: natbib 2010/09/13 8.31b (PWD, AO)
\bibhang=\skip44
\bibsep=\skip45
LaTeX Info: Redefining \cite on input line 694.
\c@NAT@ctr=\count94
)
Class revtex4-1 Info: Repairing natbib's \BibitemShut on input line 7549.

(/usr/local/texlive/2016/texmf-dist/tex/latex/revtex/revsymb4-1.sty
Package: revsymb4-1 2010/07/25/20:33:00 4.1r (http://publish.aps.org/revtex4/ f
or documentation)
LaTeX Info: Redefining \REV@mathfrak on input line 119.
))
(/usr/local/texlive/2016/texmf-dist/tex/latex/caption/caption.sty
Package: caption 2016/02/21 v3.3-144 Customizing captions (AR)

(/usr/local/texlive/2016/texmf-dist/tex/latex/caption/caption3.sty
Package: caption3 2016/02/04 v1.7-139 caption3 kernel (AR)
Package caption3 Info: TeX engine: e-TeX on input line 67.

(/usr/local/texlive/2016/texmf-dist/tex/latex/graphics/keyval.sty
Package: keyval 2014/10/28 v1.15 key=value parser (DPC)
\KV@toks@=\toks16
)
\captionmargin=\dimen102
\captionmargin@=\dimen103
\captionwidth=\dimen104
\caption@tempdima=\dimen105
\caption@indent=\dimen106
\caption@parindent=\dimen107
\caption@hangindent=\dimen108
Package caption Info: Unknown document class (or package),
(caption)             standard defaults will be used.
)

Package caption Warning: Unsupported document class (or package) detected,
(caption)                usage of the caption package is not recommended.
See the caption package documentation for explanation.

Package caption Info: \@makecaption = \long macro:#1#2->\par \vskip \abovecapti
onskip \begingroup \small \rmfamily \sbox \@tempboxa {\let \\\heading@cr \@make
@capt@title {#1}{#2}}\@ifdim {\wd \@tempboxa >\hsize }{\begingroup \samepage \f
lushing \let \footnote \@footnotemark@gobble \@make@capt@title {#1}{#2}\par \en
dgroup }{\global \@minipagefalse \hb@xt@ \hsize {\hfil \unhbox \@tempboxa \hfil
 }}\endgroup \vskip \belowcaptionskip .
\c@ContinuedFloat=\count95
) (/usr/local/texlive/2016/texmf-dist/tex/latex/geometry/geometry.sty
Package: geometry 2010/09/12 v5.6 Page Geometry

(/usr/local/texlive/2016/texmf-dist/tex/generic/oberdiek/ifpdf.sty
Package: ifpdf 2016/05/14 v3.1 Provides the ifpdf switch
)
(/usr/local/texlive/2016/texmf-dist/tex/generic/oberdiek/ifvtex.sty
Package: ifvtex 2016/05/16 v1.6 Detect VTeX and its facilities (HO)
Package ifvtex Info: VTeX not detected.
)
(/usr/local/texlive/2016/texmf-dist/tex/generic/ifxetex/ifxetex.sty
Package: ifxetex 2010/09/12 v0.6 Provides ifxetex conditional
)
\Gm@cnth=\count96
\Gm@cntv=\count97
\c@Gm@tempcnt=\count98
\Gm@bindingoffset=\dimen109
\Gm@wd@mp=\dimen110
\Gm@odd@mp=\dimen111
\Gm@even@mp=\dimen112
\Gm@layoutwidth=\dimen113
\Gm@layoutheight=\dimen114
\Gm@layouthoffset=\dimen115
\Gm@layoutvoffset=\dimen116
\Gm@dimlist=\toks17
)
(/usr/local/texlive/2016/texmf-dist/tex/latex/subfigure/subfigure.sty
Package: subfigure 2002/03/15 v2.1.5 subfigure package
\subfigtopskip=\skip46
\subfigcapskip=\skip47
\subfigcaptopadj=\dimen117
\subfigbottomskip=\skip48
\subfigcapmargin=\dimen118
\subfiglabelskip=\skip49
\c@subfigure=\count99
\c@lofdepth=\count100
\c@subtable=\count101
\c@lotdepth=\count102

****************************************
* Local config file subfigure.cfg used *
****************************************
(/usr/local/texlive/2016/texmf-dist/tex/latex/subfigure/subfigure.cfg)
\subfig@top=\skip50
\subfig@bottom=\skip51
)
(/usr/local/texlive/2016/texmf-dist/tex/latex/graphics/graphicx.sty
Package: graphicx 2014/10/28 v1.0g Enhanced LaTeX Graphics (DPC,SPQR)

(/usr/local/texlive/2016/texmf-dist/tex/latex/graphics/graphics.sty
Package: graphics 2016/05/09 v1.0r Standard LaTeX Graphics (DPC,SPQR)

(/usr/local/texlive/2016/texmf-dist/tex/latex/graphics/trig.sty
Package: trig 2016/01/03 v1.10 sin cos tan (DPC)
)
(/usr/local/texlive/2016/texmf-dist/tex/latex/graphics-cfg/graphics.cfg
File: graphics.cfg 2016/01/02 v1.10 sample graphics configuration
)
Package graphics Info: Driver file: pdftex.def on input line 96.

(/usr/local/texlive/2016/texmf-dist/tex/latex/pdftex-def/pdftex.def
File: pdftex.def 2011/05/27 v0.06d Graphics/color for pdfTeX

(/usr/local/texlive/2016/texmf-dist/tex/generic/oberdiek/infwarerr.sty
Package: infwarerr 2016/05/16 v1.4 Providing info/warning/error messages (HO)
)
(/usr/local/texlive/2016/texmf-dist/tex/generic/oberdiek/ltxcmds.sty
Package: ltxcmds 2016/05/16 v1.23 LaTeX kernel commands for general use (HO)
)
\Gread@gobject=\count103
))
\Gin@req@height=\dimen119
\Gin@req@width=\dimen120
)
(/usr/local/texlive/2016/texmf-dist/tex/latex/preprint/fullpage.sty
Package: fullpage 1999/02/23 1.1 (PWD)
\FP@margin=\skip52
)
(/usr/local/texlive/2016/texmf-dist/tex/latex/psnfss/courier.sty
Package: courier 2005/04/12 PSNFSS-v9.2a (WaS) 
)
(/usr/local/texlive/2016/texmf-dist/tex/latex/amsmath/amsmath.sty
Package: amsmath 2016/03/10 v2.15b AMS math features
\@mathmargin=\skip53

For additional information on amsmath, use the `?' option.
(/usr/local/texlive/2016/texmf-dist/tex/latex/amsmath/amstext.sty
Package: amstext 2000/06/29 v2.01 AMS text

(/usr/local/texlive/2016/texmf-dist/tex/latex/amsmath/amsgen.sty
File: amsgen.sty 1999/11/30 v2.0 generic functions
\@emptytoks=\toks18
\ex@=\dimen121
)
LaTeX Info: Redefining \text on input line 28.
)
(/usr/local/texlive/2016/texmf-dist/tex/latex/amsmath/amsbsy.sty
Package: amsbsy 1999/11/29 v1.2d Bold Symbols
\pmbraise@=\dimen122
)
(/usr/local/texlive/2016/texmf-dist/tex/latex/amsmath/amsopn.sty
Package: amsopn 2016/03/08 v2.02 operator names
)
\inf@bad=\count104
LaTeX Info: Redefining \frac on input line 199.
\uproot@=\count105
\leftroot@=\count106
LaTeX Info: Redefining \overline on input line 297.
\classnum@=\count107
\DOTSCASE@=\count108
LaTeX Info: Redefining \ldots on input line 394.
LaTeX Info: Redefining \dots on input line 397.
LaTeX Info: Redefining \cdots on input line 518.
\Mathstrutbox@=\box41
\strutbox@=\box42
\big@size=\dimen123
LaTeX Font Info:    Redeclaring font encoding OML on input line 634.
LaTeX Font Info:    Redeclaring font encoding OMS on input line 635.
\macc@depth=\count109
\c@MaxMatrixCols=\count110
\dotsspace@=\muskip11
\c@parentequation=\count111
\dspbrk@lvl=\count112
\tag@help=\toks19
\row@=\count113
\column@=\count114
\maxfields@=\count115
\andhelp@=\toks20
\eqnshift@=\dimen124
\alignsep@=\dimen125
\tagshift@=\dimen126
\tagwidth@=\dimen127
\totwidth@=\dimen128
\lineht@=\dimen129
\@envbody=\toks21
\multlinegap=\skip54
\multlinetaggap=\skip55
\mathdisplay@stack=\toks22
LaTeX Info: Redefining \[ on input line 2739.
LaTeX Info: Redefining \] on input line 2740.
)
(/usr/local/texlive/2016/texmf-dist/tex/latex/mathtools/mathtools.sty
Package: mathtools 2015/11/12 v1.18 mathematical typesetting tools

(/usr/local/texlive/2016/texmf-dist/tex/latex/tools/calc.sty
Package: calc 2014/10/28 v4.3 Infix arithmetic (KKT,FJ)
\calc@Acount=\count116
\calc@Bcount=\count117
\calc@Adimen=\dimen130
\calc@Bdimen=\dimen131
\calc@Askip=\skip56
\calc@Bskip=\skip57
LaTeX Info: Redefining \setlength on input line 80.
LaTeX Info: Redefining \addtolength on input line 81.
\calc@Ccount=\count118
\calc@Cskip=\skip58
)
(/usr/local/texlive/2016/texmf-dist/tex/latex/mathtools/mhsetup.sty
Package: mhsetup 2010/01/21 v1.2a programming setup (MH)
)
LaTeX Info: Thecontrolsequence`\('isalreadyrobust on input line 129.
LaTeX Info: Thecontrolsequence`\)'isalreadyrobust on input line 129.
LaTeX Info: Thecontrolsequence`\['isalreadyrobust on input line 129.
LaTeX Info: Thecontrolsequence`\]'isalreadyrobust on input line 129.
\g_MT_multlinerow_int=\count119
\l_MT_multwidth_dim=\dimen132
\origjot=\skip59
\l_MT_shortvdotswithinadjustabove_dim=\dimen133
\l_MT_shortvdotswithinadjustbelow_dim=\dimen134
\l_MT_above_intertext_sep=\dimen135
\l_MT_below_intertext_sep=\dimen136
\l_MT_above_shortintertext_sep=\dimen137
\l_MT_below_shortintertext_sep=\dimen138
)
(/usr/local/texlive/2016/texmf-dist/tex/latex/amsfonts/amssymb.sty
Package: amssymb 2013/01/14 v3.01 AMS font symbols

(/usr/local/texlive/2016/texmf-dist/tex/latex/amsfonts/amsfonts.sty
Package: amsfonts 2013/01/14 v3.01 Basic AMSFonts support
\symAMSa=\mathgroup4
\symAMSb=\mathgroup5
LaTeX Font Info:    Overwriting math alphabet `\mathfrak' in version `bold'
(Font)                  U/euf/m/n --> U/euf/b/n on input line 106.
LaTeX Info: Redefining \frak on input line 111.
LaTeX Info: Redefining \Bbb on input line 113.
))
(/usr/local/texlive/2016/texmf-dist/tex/latex/float/float.sty
Package: float 2001/11/08 v1.3d Float enhancements (AL)
\c@float@type=\count120
\float@exts=\toks23
\float@box=\box43
\@float@everytoks=\toks24
\@floatcapt=\box44
)
(/usr/local/texlive/2016/texmf-dist/tex/latex/braket/braket.sty)
(/usr/local/texlive/2016/texmf-dist/tex/latex/parskip/parskip.sty
Package: parskip 2001/04/09 non-zero parskip adjustments


LaTeX Warning: Command \@starttoc  has changed.
               Check if current package is valid.

) (/usr/local/texlive/2016/texmf-dist/tex/latex/xcolor/xcolor.sty
Package: xcolor 2016/05/11 v2.12 LaTeX color extensions (UK)

(/usr/local/texlive/2016/texmf-dist/tex/latex/graphics-cfg/color.cfg
File: color.cfg 2016/01/02 v1.6 sample color configuration
)
Package xcolor Info: Driver file: pdftex.def on input line 225.
Package xcolor Info: Model `cmy' substituted by `cmy0' on input line 1348.
Package xcolor Info: Model `hsb' substituted by `rgb' on input line 1352.
Package xcolor Info: Model `RGB' extended on input line 1364.
Package xcolor Info: Model `HTML' substituted by `rgb' on input line 1366.
Package xcolor Info: Model `Hsb' substituted by `hsb' on input line 1367.
Package xcolor Info: Model `tHsb' substituted by `hsb' on input line 1368.
Package xcolor Info: Model `HSB' substituted by `hsb' on input line 1369.
Package xcolor Info: Model `Gray' substituted by `gray' on input line 1370.
Package xcolor Info: Model `wave' substituted by `hsb' on input line 1371.

(/usr/local/texlive/2016/texmf-dist/tex/latex/graphics/dvipsnam.def
File: dvipsnam.def 2015/12/30 v3.0k Driver-dependent file (DPC,SPQR)
))
(/usr/local/texlive/2016/texmf-dist/tex/latex/sidecap/sidecap.sty
Package: sidecap 2003/06/06 v1.6f SideCap Package (RN/HjG)

(/usr/local/texlive/2016/texmf-dist/tex/latex/base/ifthen.sty
Package: ifthen 2014/09/29 v1.1c Standard LaTeX ifthen package (DPC)
)
\SC@BOXWD=\dimen139
\SC@CAPWD=\dimen140
\SC@tempdima=\dimen141
\SC@tempdimb=\dimen142
\c@SC@C=\count121
\SC@BOX=\box45
)
(/usr/local/texlive/2016/texmf-dist/tex/latex/chngcntr/chngcntr.sty
Package: chngcntr 2009/09/02 v1.0a change counter resetting
)
(/usr/local/texlive/2016/texmf-dist/tex/latex/units/nicefrac.sty
Package: nicefrac 1998/08/04 v0.9b Nice fractions
\L@UnitsRaiseDisplaystyle=\skip60
\L@UnitsRaiseTextstyle=\skip61
\L@UnitsRaiseScriptstyle=\skip62
)
Class revtex4-1 Info: Patching LaTeX tabular. on input line 72.


Class revtex4-1 Warning: Repair the float package.

Class revtex4-1 Info: Robustifying \LaTeX's \boldmath command on input line 72.

Class revtex4-1 Info: cite was not loaded (OK!) on input line 72.
Class revtex4-1 Info: mcite was not loaded (OK!) on input line 72.
Class revtex4-1 Info: multicol was not loaded (OK!) on input line 72.
(./update_10_10_2018.aux)
\openout1 = `update_10_10_2018.aux'.

LaTeX Font Info:    Checking defaults for OML/cmm/m/it on input line 72.
LaTeX Font Info:    ... okay on input line 72.
LaTeX Font Info:    Checking defaults for T1/cmr/m/n on input line 72.
LaTeX Font Info:    ... okay on input line 72.
LaTeX Font Info:    Checking defaults for OT1/cmr/m/n on input line 72.
LaTeX Font Info:    ... okay on input line 72.
LaTeX Font Info:    Checking defaults for OMS/cmsy/m/n on input line 72.
LaTeX Font Info:    ... okay on input line 72.
LaTeX Font Info:    Checking defaults for OMX/cmex/m/n on input line 72.
LaTeX Font Info:    ... okay on input line 72.
LaTeX Font Info:    Checking defaults for U/cmr/m/n on input line 72.
LaTeX Font Info:    ... okay on input line 72.
Package caption Info: Begin \AtBeginDocument code.
Package caption Info: float package is loaded.
Package caption Info: sidecap package is loaded.
Package caption Info: subfigure package is loaded.
Package caption Info: End \AtBeginDocument code.

*geometry* driver: auto-detecting
*geometry* detected driver: pdftex
*geometry* verbose mode - [ preamble ] result:
* driver: pdftex
* paper: a4paper
* layout: <same size as paper>
* layoutoffset:(h,v)=(0.0pt,0.0pt)
* modes: twoside 
* h-part:(L,W,R)=(71.13188pt, 455.24411pt, 71.13188pt)
* v-part:(T,H,B)=(71.13188pt, 702.78308pt, 71.13188pt)
* \paperwidth=597.50787pt
* \paperheight=845.04684pt
* \textwidth=452.9679pt
* \textheight=670.50687pt
* \oddsidemargin=0.0pt
* \evensidemargin=0.0pt
* \topmargin=0.0pt
* \headheight=0.0pt
* \headsep=0.0pt
* \topskip=10.0pt
* \footskip=30.0pt
* \marginparwidth=107.0pt
* \marginparsep=6.0pt
* \columnsep=18.0pt
* \skip\footins=39.0pt plus 4.0pt minus 12.0pt
* \hoffset=0.0pt
* \voffset=0.0pt
* \mag=1000
* \@twocolumnfalse
* \@twosidetrue
* \@mparswitchtrue
* \@reversemarginfalse
* (1in=72.27pt=25.4mm, 1cm=28.453pt)

(/usr/local/texlive/2016/texmf-dist/tex/context/base/mkii/supp-pdf.mkii
[Loading MPS to PDF converter (version 2006.09.02).]
\scratchcounter=\count122
\scratchdimen=\dimen143
\scratchbox=\box46
\nofMPsegments=\count123
\nofMParguments=\count124
\everyMPshowfont=\toks25
\MPscratchCnt=\count125
\MPscratchDim=\dimen144
\MPnumerator=\count126
\makeMPintoPDFobject=\count127
\everyMPtoPDFconversion=\toks26
) (/usr/local/texlive/2016/texmf-dist/tex/generic/oberdiek/pdftexcmds.sty
Package: pdftexcmds 2016/05/10 v0.21 Utility functions of pdfTeX for LuaTeX (HO
)

(/usr/local/texlive/2016/texmf-dist/tex/generic/oberdiek/ifluatex.sty
Package: ifluatex 2016/05/16 v1.4 Provides the ifluatex switch (HO)
Package ifluatex Info: LuaTeX not detected.
)
Package pdftexcmds Info: LuaTeX not detected.
Package pdftexcmds Info: \pdf@primitive is available.
Package pdftexcmds Info: \pdf@ifprimitive is available.
Package pdftexcmds Info: \pdfdraftmode found.
)
(/usr/local/texlive/2016/texmf-dist/tex/latex/oberdiek/epstopdf-base.sty
Package: epstopdf-base 2016/05/15 v2.6 Base part for package epstopdf

(/usr/local/texlive/2016/texmf-dist/tex/latex/oberdiek/grfext.sty
Package: grfext 2016/05/16 v1.2 Manage graphics extensions (HO)

(/usr/local/texlive/2016/texmf-dist/tex/generic/oberdiek/kvdefinekeys.sty
Package: kvdefinekeys 2016/05/16 v1.4 Define keys (HO)
))
(/usr/local/texlive/2016/texmf-dist/tex/latex/oberdiek/kvoptions.sty
Package: kvoptions 2016/05/16 v3.12 Key value format for package options (HO)

(/usr/local/texlive/2016/texmf-dist/tex/generic/oberdiek/kvsetkeys.sty
Package: kvsetkeys 2016/05/16 v1.17 Key value parser (HO)

(/usr/local/texlive/2016/texmf-dist/tex/generic/oberdiek/etexcmds.sty
Package: etexcmds 2016/05/16 v1.6 Avoid name clashes with e-TeX commands (HO)
Package etexcmds Info: Could not find \expanded.
(etexcmds)             That can mean that you are not using pdfTeX 1.50 or
(etexcmds)             that some package has redefined \expanded.
(etexcmds)             In the latter case, load this package earlier.
)))
Package grfext Info: Graphics extension search list:
(grfext)             [.png,.pdf,.jpg,.mps,.jpeg,.jbig2,.jb2,.PNG,.PDF,.JPG,.JPE
G,.JBIG2,.JB2,.eps]
(grfext)             \AppendGraphicsExtensions on input line 456.

(/usr/local/texlive/2016/texmf-dist/tex/latex/latexconfig/epstopdf-sys.cfg
File: epstopdf-sys.cfg 2010/07/13 v1.3 Configuration of (r)epstopdf for TeX Liv
e
))
(/usr/local/texlive/2016/texmf-dist/tex/latex/ms/ragged2e.sty
Package: ragged2e 2009/05/21 v2.1 ragged2e Package (MS)

(/usr/local/texlive/2016/texmf-dist/tex/latex/ms/everysel.sty
Package: everysel 2011/10/28 v1.2 EverySelectfont Package (MS)

ABD: EverySelectfont initializing macros
LaTeX Info: Redefining \selectfont on input line 126.
)
\CenteringLeftskip=\skip63
\RaggedLeftLeftskip=\skip64
\RaggedRightLeftskip=\skip65
\CenteringRightskip=\skip66
\RaggedLeftRightskip=\skip67
\RaggedRightRightskip=\skip68
\CenteringParfillskip=\skip69
\RaggedLeftParfillskip=\skip70
\RaggedRightParfillskip=\skip71
\JustifyingParfillskip=\skip72
\CenteringParindent=\skip73
\RaggedLeftParindent=\skip74
\RaggedRightParindent=\skip75
\JustifyingParindent=\skip76
)
\openout3 = `update_10_10_2018Notes.bib'.


Underfull \hbox (badness 10000) in paragraph at lines 79--85

 []


Underfull \hbox (badness 10000) in paragraph at lines 79--85

 []


Underfull \hbox (badness 10000) in paragraph at lines 88--93

 []


Underfull \hbox (badness 10000) in paragraph at lines 88--93

 []

LaTeX Font Info:    Try loading font information for U+msa on input line 93.
(/usr/local/texlive/2016/texmf-dist/tex/latex/amsfonts/umsa.fd
File: umsa.fd 2013/01/14 v3.01 AMS symbols A
)
LaTeX Font Info:    Try loading font information for U+msb on input line 93.

(/usr/local/texlive/2016/texmf-dist/tex/latex/amsfonts/umsb.fd
File: umsb.fd 2013/01/14 v3.01 AMS symbols B
)
LaTeX Font Info:    Try loading font information for OMS+cmr on input line 104.


(/usr/local/texlive/2016/texmf-dist/tex/latex/base/omscmr.fd
File: omscmr.fd 2014/09/29 v2.5h Standard LaTeX font definitions
)
LaTeX Font Info:    Font shape `OMS/cmr/m/n' in size <10> not available
(Font)              Font shape `OMS/cmsy/m/n' tried instead on input line 104.
 [1{/usr/local/texlive/2016/texmf-var/fonts/map/pdftex/updmap/pdftex.map}]
<fig23_10_10_2018.pdf, id=19, 518.84778pt x 365.35434pt>
File: fig23_10_10_2018.pdf Graphic file (type pdf)

<use fig23_10_10_2018.pdf>
Package pdftex.def Info: fig23_10_10_2018.pdf used on input line 120.
(pdftex.def)             Requested size: 259.42325pt x 182.67671pt.

<fig24_10_10_2018.pdf, id=20, 510.04927pt x 365.35434pt>
File: fig24_10_10_2018.pdf Graphic file (type pdf)

<use fig24_10_10_2018.pdf>
Package pdftex.def Info: fig24_10_10_2018.pdf used on input line 124.
(pdftex.def)             Requested size: 255.024pt x 182.67671pt.

<fig25_10_10_2018.pdf, id=21, 536.78043pt x 365.18182pt>
File: fig25_10_10_2018.pdf Graphic file (type pdf)

<use fig25_10_10_2018.pdf>
Package pdftex.def Info: fig25_10_10_2018.pdf used on input line 128.
(pdftex.def)             Requested size: 268.38954pt x 182.59045pt.
 [2 <./fig23_10_10_2018.pdf> <./fig24_10_10_2018.pdf

pdfTeX warning: /Library/TeX/texbin/pdflatex (file ./fig24_10_10_2018.pdf): PDF
 inclusion: multiple pdfs with page group included in a single page
>] <fig26_10_10_2018.pdf, id=99, 558.11949pt x 365.18182pt>
File: fig26_10_10_2018.pdf Graphic file (type pdf)

<use fig26_10_10_2018.pdf>
Package pdftex.def Info: fig26_10_10_2018.pdf used on input line 132.
(pdftex.def)             Requested size: 279.05905pt x 182.59045pt.

<fig27_10_10_2018.pdf, id=100, 558.11949pt x 365.18182pt>
File: fig27_10_10_2018.pdf Graphic file (type pdf)

<use fig27_10_10_2018.pdf>
Package pdftex.def Info: fig27_10_10_2018.pdf used on input line 136.
(pdftex.def)             Requested size: 279.05905pt x 182.59045pt.

<fig28_10_10_2018.pdf, id=101, 477.33795pt x 387.68462pt>
File: fig28_10_10_2018.pdf Graphic file (type pdf)

<use fig28_10_10_2018.pdf>
Package pdftex.def Info: fig28_10_10_2018.pdf used on input line 140.
(pdftex.def)             Requested size: 238.6684pt x 193.84183pt.
 [3 <./fig25_10_10_2018.pdf> <./fig26_10_10_2018.pdf

pdfTeX warning: /Library/TeX/texbin/pdflatex (file ./fig26_10_10_2018.pdf): PDF
 inclusion: multiple pdfs with page group included in a single page
> <./fig27_10_10_2018.pdf

pdfTeX warning: /Library/TeX/texbin/pdflatex (file ./fig27_10_10_2018.pdf): PDF
 inclusion: multiple pdfs with page group included in a single page
>] <fig29_10_10_2018.pdf, id=234, 499.67139pt x 374.63902pt>
File: fig29_10_10_2018.pdf Graphic file (type pdf)

<use fig29_10_10_2018.pdf>
Package pdftex.def Info: fig29_10_10_2018.pdf used on input line 144.
(pdftex.def)             Requested size: 249.83508pt x 187.31905pt.

<fig30_10_10_2018.pdf, id=235, 499.67139pt x 374.63902pt>
File: fig30_10_10_2018.pdf Graphic file (type pdf)

<use fig30_10_10_2018.pdf>
Package pdftex.def Info: fig30_10_10_2018.pdf used on input line 148.
(pdftex.def)             Requested size: 249.83508pt x 187.31905pt.
 [4 <./fig28_10_10_2018.pdf> <./fig29_10_10_2018.pdf

pdfTeX warning: /Library/TeX/texbin/pdflatex (file ./fig29_10_10_2018.pdf): PDF
 inclusion: multiple pdfs with page group included in a single page
> <./fig30_10_10_2018.pdf

pdfTeX warning: /Library/TeX/texbin/pdflatex (file ./fig30_10_10_2018.pdf): PDF
 inclusion: multiple pdfs with page group included in a single page
>] <fig32_10_10_2018.pdf, id=376, 539.78537pt x 365.35434pt>
File: fig32_10_10_2018.pdf Graphic file (type pdf)

<use fig32_10_10_2018.pdf>
Package pdftex.def Info: fig32_10_10_2018.pdf used on input line 162.
(pdftex.def)             Requested size: 269.89201pt x 182.67671pt.

<fig40_10_10_2018.pdf, id=377, 527.22281pt x 365.35434pt>
File: fig40_10_10_2018.pdf Graphic file (type pdf)

<use fig40_10_10_2018.pdf>
Package pdftex.def Info: fig40_10_10_2018.pdf used on input line 167.
(pdftex.def)             Requested size: 263.61075pt x 182.67671pt.

<fig33_10_10_2018.pdf, id=378, 510.04927pt x 365.35434pt>
File: fig33_10_10_2018.pdf Graphic file (type pdf)

<use fig33_10_10_2018.pdf>
Package pdftex.def Info: fig33_10_10_2018.pdf used on input line 171.
(pdftex.def)             Requested size: 255.024pt x 182.67671pt.
 [5 <./fig32_10_10_2018.pdf> <./fig40_10_10_2018.pdf

pdfTeX warning: /Library/TeX/texbin/pdflatex (file ./fig40_10_10_2018.pdf): PDF
 inclusion: multiple pdfs with page group included in a single page
>] <fig34_10_10_2018.pdf, id=462, 536.78043pt x 365.18182pt>
File: fig34_10_10_2018.pdf Graphic file (type pdf)

<use fig34_10_10_2018.pdf>
Package pdftex.def Info: fig34_10_10_2018.pdf used on input line 175.
(pdftex.def)             Requested size: 268.38954pt x 182.59045pt.

<fig35_10_10_2018.pdf, id=463, 558.11949pt x 365.18182pt>
File: fig35_10_10_2018.pdf Graphic file (type pdf)

<use fig35_10_10_2018.pdf>
Package pdftex.def Info: fig35_10_10_2018.pdf used on input line 179.
(pdftex.def)             Requested size: 279.05905pt x 182.59045pt.

<fig36_10_10_2018.pdf, id=464, 558.11949pt x 365.18182pt>
File: fig36_10_10_2018.pdf Graphic file (type pdf)

<use fig36_10_10_2018.pdf>
Package pdftex.def Info: fig36_10_10_2018.pdf used on input line 183.
(pdftex.def)             Requested size: 279.05905pt x 182.59045pt.
 [6 <./fig33_10_10_2018.pdf> <./fig34_10_10_2018.pdf

pdfTeX warning: /Library/TeX/texbin/pdflatex (file ./fig34_10_10_2018.pdf): PDF
 inclusion: multiple pdfs with page group included in a single page
> <./fig35_10_10_2018.pdf

pdfTeX warning: /Library/TeX/texbin/pdflatex (file ./fig35_10_10_2018.pdf): PDF
 inclusion: multiple pdfs with page group included in a single page
>] <fig37_10_10_2018.pdf, id=588, 477.33795pt x 387.68462pt>
File: fig37_10_10_2018.pdf Graphic file (type pdf)

<use fig37_10_10_2018.pdf>
Package pdftex.def Info: fig37_10_10_2018.pdf used on input line 187.
(pdftex.def)             Requested size: 238.6684pt x 193.84183pt.

<fig38_10_10_2018.pdf, id=589, 499.67139pt x 374.63902pt>
File: fig38_10_10_2018.pdf Graphic file (type pdf)

<use fig38_10_10_2018.pdf>
Package pdftex.def Info: fig38_10_10_2018.pdf used on input line 191.
(pdftex.def)             Requested size: 249.83508pt x 187.31905pt.

<fig39_10_10_2018.pdf, id=590, 505.25476pt x 374.63902pt>
File: fig39_10_10_2018.pdf Graphic file (type pdf)

<use fig39_10_10_2018.pdf>
Package pdftex.def Info: fig39_10_10_2018.pdf used on input line 195.
(pdftex.def)             Requested size: 252.62675pt x 187.31905pt.
 [7 <./fig36_10_10_2018.pdf> <./fig37_10_10_2018.pdf

pdfTeX warning: /Library/TeX/texbin/pdflatex (file ./fig37_10_10_2018.pdf): PDF
 inclusion: multiple pdfs with page group included in a single page
> <./fig38_10_10_2018.pdf

pdfTeX warning: /Library/TeX/texbin/pdflatex (file ./fig38_10_10_2018.pdf): PDF
 inclusion: multiple pdfs with page group included in a single page
>] <fig1_10_10_2018.pdf, id=732, 420.9759pt x 290.69038pt>
File: fig1_10_10_2018.pdf Graphic file (type pdf)

<use fig1_10_10_2018.pdf>
Package pdftex.def Info: fig1_10_10_2018.pdf used on input line 209.
(pdftex.def)             Requested size: 210.48743pt x 145.34482pt.

<fig2_10_10_2018.pdf, id=733, 420.9759pt x 290.69038pt>
File: fig2_10_10_2018.pdf Graphic file (type pdf)

<use fig2_10_10_2018.pdf>
Package pdftex.def Info: fig2_10_10_2018.pdf used on input line 213.
(pdftex.def)             Requested size: 210.48743pt x 145.34482pt.
 [8 <./fig39_10_10_2018.pdf> <./fig1_10_10_2018.pdf

pdfTeX warning: /Library/TeX/texbin/pdflatex (file ./fig1_10_10_2018.pdf): PDF 
inclusion: multiple pdfs with page group included in a single page
>] <fig3_10_10_2018.pdf, id=838, 427.11443pt x 283.38309pt>
File: fig3_10_10_2018.pdf Graphic file (type pdf)

<use fig3_10_10_2018.pdf>
Package pdftex.def Info: fig3_10_10_2018.pdf used on input line 217.
(pdftex.def)             Requested size: 213.55669pt x 141.6912pt.
 [9 <./fig2_10_10_2018.pdf> <./fig3_10_10_2018.pdf

pdfTeX warning: /Library/TeX/texbin/pdflatex (file ./fig3_10_10_2018.pdf): PDF 
inclusion: multiple pdfs with page group included in a single page
>] <fig5_10_10_2018.pdf, id=936, 403.45732pt x 294.47139pt>
File: fig5_10_10_2018.pdf Graphic file (type pdf)

<use fig5_10_10_2018.pdf>
Package pdftex.def Info: fig5_10_10_2018.pdf used on input line 262.
(pdftex.def)             Requested size: 201.72815pt x 147.23532pt.

<fig6_10_10_2018.pdf, id=937, 411.01682pt x 283.38309pt>
File: fig6_10_10_2018.pdf Graphic file (type pdf)

<use fig6_10_10_2018.pdf>
Package pdftex.def Info: fig6_10_10_2018.pdf used on input line 266.
(pdftex.def)             Requested size: 205.50789pt x 141.6912pt.

<fig7_10_10_2018.pdf, id=938, 423.32845pt x 290.69038pt>
File: fig7_10_10_2018.pdf Graphic file (type pdf)

<use fig7_10_10_2018.pdf>
Package pdftex.def Info: fig7_10_10_2018.pdf used on input line 270.
(pdftex.def)             Requested size: 211.6637pt x 145.34482pt.
 [10 <./fig5_10_10_2018.pdf> <./fig6_10_10_2018.pdf

pdfTeX warning: /Library/TeX/texbin/pdflatex (file ./fig6_10_10_2018.pdf): PDF 
inclusion: multiple pdfs with page group included in a single page
> <./fig7_10_10_2018.pdf

pdfTeX warning: /Library/TeX/texbin/pdflatex (file ./fig7_10_10_2018.pdf): PDF 
inclusion: multiple pdfs with page group included in a single page
>] <fig8_10_10_2018.pdf, id=1080, 420.9759pt x 298.40797pt>
File: fig8_10_10_2018.pdf Graphic file (type pdf)

<use fig8_10_10_2018.pdf>
Package pdftex.def Info: fig8_10_10_2018.pdf used on input line 285.
(pdftex.def)             Requested size: 210.48743pt x 149.20361pt.

<fig9_10_10_2018.pdf, id=1081, 402.39084pt x 294.15771pt>
File: fig9_10_10_2018.pdf Graphic file (type pdf)

<use fig9_10_10_2018.pdf>
Package pdftex.def Info: fig9_10_10_2018.pdf used on input line 289.
(pdftex.def)             Requested size: 201.19492pt x 147.07849pt.

<fig10_10_10_2018.pdf, id=1082, 423.32845pt x 294.15771pt>
File: fig10_10_10_2018.pdf Graphic file (type pdf)

<use fig10_10_10_2018.pdf>
Package pdftex.def Info: fig10_10_10_2018.pdf used on input line 292.
(pdftex.def)             Requested size: 211.6637pt x 147.07849pt.
 [11 <./fig8_10_10_2018.pdf> <./fig9_10_10_2018.pdf

pdfTeX warning: /Library/TeX/texbin/pdflatex (file ./fig9_10_10_2018.pdf): PDF 
inclusion: multiple pdfs with page group included in a single page
> <./fig10_10_10_2018.pdf

pdfTeX warning: /Library/TeX/texbin/pdflatex (file ./fig10_10_10_2018.pdf): PDF
 inclusion: multiple pdfs with page group included in a single page
>] <fig11_10_10_2018.pdf, id=1218, 407.25276pt x 294.20477pt>
File: fig11_10_10_2018.pdf Graphic file (type pdf)

<use fig11_10_10_2018.pdf>
Package pdftex.def Info: fig11_10_10_2018.pdf used on input line 305.
(pdftex.def)             Requested size: 203.62589pt x 147.10202pt.

<fig12_10_10_2018.pdf, id=1219, 423.32845pt x 290.69038pt>
File: fig12_10_10_2018.pdf Graphic file (type pdf)

<use fig12_10_10_2018.pdf>
Package pdftex.def Info: fig12_10_10_2018.pdf used on input line 328.
(pdftex.def)             Requested size: 211.6637pt x 145.34482pt.

<fig13_10_10_2018.pdf, id=1220, 411.20502pt x 283.38309pt>
File: fig13_10_10_2018.pdf Graphic file (type pdf)

<use fig13_10_10_2018.pdf>
Package pdftex.def Info: fig13_10_10_2018.pdf used on input line 331.
(pdftex.def)             Requested size: 205.60199pt x 141.6912pt.
 [12 <./fig11_10_10_2018.pdf> <./fig12_10_10_2018.pdf

pdfTeX warning: /Library/TeX/texbin/pdflatex (file ./fig12_10_10_2018.pdf): PDF
 inclusion: multiple pdfs with page group included in a single page
>] <fig14_10_10_2018.pdf, id=1320, 527.22281pt x 365.35434pt>
File: fig14_10_10_2018.pdf Graphic file (type pdf)

<use fig14_10_10_2018.pdf>
Package pdftex.def Info: fig14_10_10_2018.pdf used on input line 347.
(pdftex.def)             Requested size: 263.61075pt x 182.67671pt.

<fig15_10_10_2018.pdf, id=1321, 518.84778pt x 365.35434pt>
File: fig15_10_10_2018.pdf Graphic file (type pdf)

<use fig15_10_10_2018.pdf>
Package pdftex.def Info: fig15_10_10_2018.pdf used on input line 352.
(pdftex.def)             Requested size: 259.42325pt x 182.67671pt.
 [13 <./fig13_10_10_2018.pdf> <./fig14_10_10_2018.pdf

pdfTeX warning: /Library/TeX/texbin/pdflatex (file ./fig14_10_10_2018.pdf): PDF
 inclusion: multiple pdfs with page group included in a single page
>] <fig16_10_10_2018.pdf, id=1415, 518.42432pt x 365.35434pt>
File: fig16_10_10_2018.pdf Graphic file (type pdf)

<use fig16_10_10_2018.pdf>
Package pdftex.def Info: fig16_10_10_2018.pdf used on input line 357.
(pdftex.def)             Requested size: 259.21152pt x 182.67671pt.

<fig17_10_10_2018.pdf, id=1416, 536.78043pt x 365.18182pt>
File: fig17_10_10_2018.pdf Graphic file (type pdf)

<use fig17_10_10_2018.pdf>
Package pdftex.def Info: fig17_10_10_2018.pdf used on input line 361.
(pdftex.def)             Requested size: 268.38954pt x 182.59045pt.

<fig18_10_10_2018.pdf, id=1417, 558.11949pt x 365.18182pt>
File: fig18_10_10_2018.pdf Graphic file (type pdf)

<use fig18_10_10_2018.pdf>
Package pdftex.def Info: fig18_10_10_2018.pdf used on input line 365.
(pdftex.def)             Requested size: 279.05905pt x 182.59045pt.
 [14 <./fig15_10_10_2018.pdf> <./fig16_10_10_2018.pdf

pdfTeX warning: /Library/TeX/texbin/pdflatex (file ./fig16_10_10_2018.pdf): PDF
 inclusion: multiple pdfs with page group included in a single page
> <./fig17_10_10_2018.pdf

pdfTeX warning: /Library/TeX/texbin/pdflatex (file ./fig17_10_10_2018.pdf): PDF
 inclusion: multiple pdfs with page group included in a single page
>] <fig19_10_10_2018.pdf, id=1535, 558.11949pt x 365.18182pt>
File: fig19_10_10_2018.pdf Graphic file (type pdf)

<use fig19_10_10_2018.pdf>
Package pdftex.def Info: fig19_10_10_2018.pdf used on input line 370.
(pdftex.def)             Requested size: 279.05905pt x 182.59045pt.

<fig20_10_10_2018.pdf, id=1536, 477.33795pt x 387.68462pt>
File: fig20_10_10_2018.pdf Graphic file (type pdf)

<use fig20_10_10_2018.pdf>
Package pdftex.def Info: fig20_10_10_2018.pdf used on input line 375.
(pdftex.def)             Requested size: 238.6684pt x 193.84183pt.

<fig21_10_10_2018.pdf, id=1537, 499.67139pt x 374.63902pt>
File: fig21_10_10_2018.pdf Graphic file (type pdf)

<use fig21_10_10_2018.pdf>
Package pdftex.def Info: fig21_10_10_2018.pdf used on input line 380.
(pdftex.def)             Requested size: 249.83508pt x 187.31905pt.
 [15 <./fig18_10_10_2018.pdf> <./fig19_10_10_2018.pdf

pdfTeX warning: /Library/TeX/texbin/pdflatex (file ./fig19_10_10_2018.pdf): PDF
 inclusion: multiple pdfs with page group included in a single page
> <./fig20_10_10_2018.pdf

pdfTeX warning: /Library/TeX/texbin/pdflatex (file ./fig20_10_10_2018.pdf): PDF
 inclusion: multiple pdfs with page group included in a single page
>] <fig22_10_10_2018.pdf, id=1671, 499.67139pt x 374.63902pt>
File: fig22_10_10_2018.pdf Graphic file (type pdf)

<use fig22_10_10_2018.pdf>
Package pdftex.def Info: fig22_10_10_2018.pdf used on input line 384.
(pdftex.def)             Requested size: 249.83508pt x 187.31905pt.

<fig31_10_10_2018.pdf, id=1672, 532.99437pt x 376.05055pt>
File: fig31_10_10_2018.pdf Graphic file (type pdf)

<use fig31_10_10_2018.pdf>
Package pdftex.def Info: fig31_10_10_2018.pdf used on input line 392.
(pdftex.def)             Requested size: 266.49654pt x 188.02481pt.
 [16 <./fig21_10_10_2018.pdf> <./fig22_10_10_2018.pdf

pdfTeX warning: /Library/TeX/texbin/pdflatex (file ./fig22_10_10_2018.pdf): PDF
 inclusion: multiple pdfs with page group included in a single page
> <./fig31_10_10_2018.pdf

pdfTeX warning: /Library/TeX/texbin/pdflatex (file ./fig31_10_10_2018.pdf): PDF
 inclusion: multiple pdfs with page group included in a single page
>] <fig41_10_10_2018.pdf, id=1822, 484.91313pt x 375.95645pt>
File: fig41_10_10_2018.pdf Graphic file (type pdf)

<use fig41_10_10_2018.pdf>
Package pdftex.def Info: fig41_10_10_2018.pdf used on input line 410.
(pdftex.def)             Requested size: 242.45596pt x 187.97775pt.

<fig42_10_10_2018.pdf, id=1823, 525.29373pt x 365.35434pt>
File: fig42_10_10_2018.pdf Graphic file (type pdf)

<use fig42_10_10_2018.pdf>
Package pdftex.def Info: fig42_10_10_2018.pdf used on input line 414.
(pdftex.def)             Requested size: 262.64622pt x 182.67671pt.

No file update_10_10_2018.bbl.
[17 <./fig41_10_10_2018.pdf> <./fig42_10_10_2018.pdf

pdfTeX warning: /Library/TeX/texbin/pdflatex (file ./fig42_10_10_2018.pdf): PDF
 inclusion: multiple pdfs with page group included in a single page
>] (./update_10_10_2018.aux) ) 
Here is how much of TeX's memory you used:
 7671 strings out of 493014
 112466 string characters out of 6133352
 197064 words of memory out of 5000000
 11038 multiletter control sequences out of 15000+600000
 9364 words of font info for 37 fonts, out of 8000000 for 9000
 1141 hyphenation exceptions out of 8191
 38i,7n,38p,419b,248s stack positions out of 5000i,500n,10000p,200000b,80000s
</usr/local/texlive/2016/texmf-dist/fonts/type1/p
ublic/amsfonts/cm/cmbx10.pfb></usr/local/texlive/2016/texmf-dist/fonts/type1/pu
blic/amsfonts/cm/cmbx12.pfb></usr/local/texlive/2016/texmf-dist/fonts/type1/pub
lic/amsfonts/cm/cmbx9.pfb></usr/local/texlive/2016/texmf-dist/fonts/type1/publi
c/amsfonts/cm/cmex10.pfb></usr/local/texlive/2016/texmf-dist/fonts/type1/public
/amsfonts/cm/cmmi10.pfb></usr/local/texlive/2016/texmf-dist/fonts/type1/public/
amsfonts/cm/cmmi5.pfb></usr/local/texlive/2016/texmf-dist/fonts/type1/public/am
sfonts/cm/cmmi6.pfb></usr/local/texlive/2016/texmf-dist/fonts/type1/public/amsf
onts/cm/cmmi7.pfb></usr/local/texlive/2016/texmf-dist/fonts/type1/public/amsfon
ts/cm/cmmi9.pfb></usr/local/texlive/2016/texmf-dist/fonts/type1/public/amsfonts
/cm/cmr10.pfb></usr/local/texlive/2016/texmf-dist/fonts/type1/public/amsfonts/c
m/cmr5.pfb></usr/local/texlive/2016/texmf-dist/fonts/type1/public/amsfonts/cm/c
mr7.pfb></usr/local/texlive/2016/texmf-dist/fonts/type1/public/amsfonts/cm/cmsy
10.pfb></usr/local/texlive/2016/texmf-dist/fonts/type1/public/amsfonts/cm/cmsy7
.pfb>
Output written on update_10_10_2018.pdf (17 pages, 990750 bytes).
PDF statistics:
 1960 PDF objects out of 2073 (max. 8388607)
 493 compressed objects within 5 object streams
 0 named destinations out of 1000 (max. 500000)
 206 words of extra memory for PDF output out of 10000 (max. 10000000)

